Arguments: 
  C:\Program Files\nodejs\node.exe C:\Users\chotr\AppData\Roaming\npm\node_modules\yarn\bin\yarn.js start

PATH: 
  C:\Program Files\Common Files\Oracle\Java\javapath;D:\apache-maven-3.9.5\bin;C:\Program Files\Microsoft\jdk-11.0.16.101-hotspot\bin;C:\Program Files\Eclipse Adoptium\jdk-8.0.352.8-hotspot\bin;D:\JDK\bin;C:\Program Files (x86)\VMware\VMware Workstation\bin\;C:\Program Files (x86)\Common Files\Oracle\Java\javapath;C:\WINDOWS\system32;C:\WINDOWS;C:\WINDOWS\System32\Wbem;C:\WINDOWS\System32\WindowsPowerShell\v1.0\;C:\WINDOWS\System32\OpenSSH\;C:\Program Files\Cloudflare\Cloudflare WARP\;C:\Program Files (x86)\Microsoft SQL Server\150\Tools\Binn\;C:\Program Files\Microsoft SQL Server\150\Tools\Binn\;C:\Program Files (x86)\Microsoft SQL Server\150\DTS\Binn\;C:\Program Files\Microsoft SQL Server\150\DTS\Binn\;C:\Program Files\Microsoft SQL Server\Client SDK\ODBC\170\Tools\Binn\;C:\Program Files\Azure Data Studio\bin;C:\Program Files\MongoDB\Server\6.0\bin;C:\Program Files\Git\cmd;D:\visual\nodeJS\;C:\Program Files\dotnet\;C:\ProgramData\chocolatey\bin;C:\Program Files\Docker\Docker\resources\bin;C:\Program Files\MongoDB\Server\7.0\bin;C:\Program Files\MongoDB\mongosh-2.1.1-win32-x64\bin;C:\Users\chotr\AppData\Roaming\nvm;C:\Program Files\nodejs;C:\Python27;C:\Users\chotr\AppData\Local\Programs\Python\Python311\Scripts\;C:\Users\chotr\AppData\Local\Programs\Python\Python311\;C:\Users\chotr\AppData\Local\Microsoft\WindowsApps;C:\Program Files\Azure Data Studio\bin;C:\apache-cassandra-3.11.14\bin;D:\visual\Microsoft VS Code\bin;C:\Users\chotr\AppData\Roaming\npm;C:\Users\chotr\.dotnet\tools;C:\Program Files\heroku\bin;D:\IntelliJ IDEA Community Edition 2023.2.4\bin;;C:\Users\chotr\AppData\Local\Android\Sdk\emulator;C:\Users\chotr\AppData\Local\Android\Sdk\platform-tools;C:\Users\chotr\AppData\Roaming\nvm;C:\Program Files\nodejs

Yarn version: 
  1.22.19

Node version: 
  20.12.2

Platform: 
  win32 x64

Trace: 
  TypeError [ERR_INVALID_ARG_VALUE]: The property 'options.env['npm_package_description']' must be a string without null bytes. Received '# sdn301 #\x00 \x00s\x00d\x00n\x003\x000\x001\x00\r\x00 \x00'
      at validateArgumentNullCheck (node:child_process:973:11)
      at normalizeSpawnArguments (node:child_process:700:7)
      at Object.spawn (node:child_process:754:13)
      at C:\Users\chotr\AppData\Roaming\npm\node_modules\yarn\lib\cli.js:25732:24
      at new Promise (<anonymous>)
      at new F (C:\Users\chotr\AppData\Roaming\npm\node_modules\yarn\lib\cli.js:5305:28)
      at C:\Users\chotr\AppData\Roaming\npm\node_modules\yarn\lib\cli.js:25729:12
      at run (C:\Users\chotr\AppData\Roaming\npm\node_modules\yarn\lib\cli.js:43184:7)
      at BlockingQueue.maybePushConcurrencyQueue (C:\Users\chotr\AppData\Roaming\npm\node_modules\yarn\lib\cli.js:43199:7)
      at BlockingQueue.shift (C:\Users\chotr\AppData\Roaming\npm\node_modules\yarn\lib\cli.js:43194:10)

npm manifest: 
  {
    "name": "be",
    "version": "0.0.0",
    "private": true,
    "scripts": {
      "start": "nodemon ./bin/www"
    },
    "dependencies": {
      "bcrypt": "^5.1.1",
      "cookie-parser": "~1.4.4",
      "cors": "^2.8.5",
      "debug": "~2.6.9",
      "dotenv": "^16.4.5",
      "express": "~4.16.1",
      "http-errors": "~1.6.3",
      "jade": "~1.11.0",
      "jsonwebtoken": "^9.0.2",
      "mongoose": "^8.4.1",
      "morgan": "~1.9.1",
      "nodemon": "^3.1.0",
      "swagger-jsdoc": "^6.2.8",
      "swagger-ui-express": "^5.0.1"
    }
  }

yarn manifest: 
  No manifest

Lockfile: 
  No lockfile
